TN:
SF:src\App.tsx
FN:10,App
FNF:1
FNH:0
FNDA:0,App
DA:1,1
DA:2,1
DA:3,1
DA:4,1
DA:5,1
DA:6,1
DA:7,1
DA:8,1
DA:10,0
DA:11,0
DA:12,0
DA:14,0
DA:16,0
DA:17,0
DA:18,0
DA:19,0
DA:21,0
DA:22,0
DA:23,0
DA:24,0
DA:25,0
DA:26,0
DA:27,0
DA:28,0
DA:30,0
DA:32,1
LF:26
LH:9
BRF:0
BRH:0
end_of_record
TN:
SF:src\components\ThemeToggle.tsx
FN:3,ThemeToggle
FNF:1
FNH:1
FNDA:1,ThemeToggle
DA:1,1
DA:3,1
DA:4,1
DA:6,1
DA:7,1
DA:8,1
DA:9,1
DA:11,1
DA:12,1
DA:14,1
LF:10
LH:10
BRDA:3,0,0,1
BRDA:11,1,0,0
BRF:2
BRH:1
end_of_record
TN:
SF:src\components\button\Button.tsx
FN:3,Button
FNF:1
FNH:1
FNDA:18,Button
DA:1,1
DA:3,18
DA:4,18
DA:5,18
DA:6,18
DA:9,18
DA:10,18
DA:11,18
DA:12,18
DA:13,18
DA:15,18
LF:11
LH:11
BRDA:3,0,0,18
BRF:1
BRH:1
end_of_record
TN:
SF:src\components\button\constants.ts
FNF:0
FNH:0
DA:1,1
DA:2,1
LF:2
LH:2
BRF:0
BRH:0
end_of_record
TN:
SF:src\components\card\CardItem.tsx
FN:7,CardItem
FN:18,handleItemClick
FN:28,onClick
FNF:3
FNH:1
FNDA:2,CardItem
FNDA:0,handleItemClick
FNDA:0,onClick
DA:1,1
DA:2,1
DA:4,1
DA:7,1
DA:8,2
DA:9,2
DA:10,2
DA:11,2
DA:12,2
DA:14,2
DA:15,0
DA:16,2
DA:18,2
DA:19,0
DA:20,0
DA:22,2
DA:23,2
DA:24,2
DA:25,2
DA:27,2
DA:28,2
DA:29,0
DA:30,0
DA:31,0
DA:32,2
DA:33,2
DA:34,2
DA:35,2
DA:36,2
DA:37,2
DA:38,2
DA:40,2
LF:32
LH:26
BRDA:7,0,0,2
BRDA:14,1,0,0
BRDA:37,2,0,0
BRDA:11,3,0,4
BRF:4
BRH:2
end_of_record
TN:
SF:src\components\card\CardItemDetails.tsx
FN:6,CardItemDetails
FNF:1
FNH:0
FNDA:0,CardItemDetails
DA:1,1
DA:2,1
DA:3,1
DA:4,1
DA:6,0
DA:7,0
DA:8,0
DA:10,0
DA:11,0
DA:12,0
DA:13,0
DA:14,0
DA:15,0
DA:16,0
DA:17,0
DA:19,0
DA:20,0
DA:21,0
DA:22,0
DA:23,0
DA:24,0
DA:25,0
DA:26,0
DA:28,0
DA:29,0
DA:30,0
DA:31,0
DA:32,0
DA:33,0
DA:34,0
DA:35,0
DA:36,0
DA:37,0
DA:38,0
DA:39,0
DA:40,0
DA:41,0
DA:42,0
DA:43,0
DA:44,0
DA:45,0
DA:46,0
DA:48,0
DA:49,0
DA:51,0
LF:45
LH:4
BRF:0
BRH:0
end_of_record
TN:
SF:src\components\error\BugCreator.tsx
FN:1,(empty-report)
FNF:1
FNH:0
FNDA:0,(empty-report)
DA:1,0
DA:3,0
DA:4,0
DA:6,0
DA:7,0
DA:8,0
DA:10,0
DA:11,0
DA:12,0
DA:14,0
DA:15,0
DA:16,0
DA:17,0
DA:18,0
DA:19,0
DA:21,0
DA:22,0
DA:24,0
LF:18
LH:0
BRDA:1,0,0,0
BRF:1
BRH:0
end_of_record
TN:
SF:src\components\error\errorBoundary.tsx
FN:1,(empty-report)
FNF:1
FNH:0
FNDA:0,(empty-report)
DA:1,0
DA:11,0
DA:12,0
DA:13,0
DA:14,0
DA:15,0
DA:17,0
DA:18,0
DA:19,0
DA:21,0
DA:22,0
DA:23,0
DA:25,0
DA:26,0
DA:27,0
DA:28,0
DA:29,0
DA:30,0
DA:31,0
DA:33,0
DA:35,0
DA:36,0
DA:37,0
DA:39,0
LF:24
LH:0
BRDA:1,0,0,0
BRF:1
BRH:0
end_of_record
TN:
SF:src\components\flyout\FlyOut.tsx
FN:7,FlyOut
FN:23,handleClick
FN:36,onClick
FN:39,onClick
FNF:4
FNH:3
FNDA:9,FlyOut
FNDA:1,handleClick
FNDA:0,onClick
FNDA:1,onClick
DA:1,1
DA:2,1
DA:3,1
DA:5,1
DA:7,9
DA:8,9
DA:9,9
DA:10,9
DA:11,9
DA:12,9
DA:14,9
DA:15,9
DA:17,9
DA:19,9
DA:20,6
DA:21,3
DA:23,9
DA:24,1
DA:26,1
DA:27,0
DA:28,0
DA:29,1
DA:31,1
DA:32,1
DA:34,9
DA:35,9
DA:36,9
DA:37,9
DA:39,9
DA:40,9
DA:42,9
LF:31
LH:29
BRDA:7,0,0,9
BRDA:19,1,0,6
BRDA:20,2,0,3
BRDA:10,3,0,21
BRDA:12,4,0,21
BRDA:23,5,0,1
BRDA:39,6,0,1
BRF:7
BRH:7
end_of_record
TN:
SF:src\components\helpers\ErrorElement.tsx
FN:1,ErrorElement
FNF:1
FNH:0
FNDA:0,ErrorElement
DA:1,0
DA:2,0
DA:4,0
DA:5,0
DA:6,0
DA:7,0
DA:8,0
DA:9,0
DA:10,0
DA:11,0
DA:12,0
DA:13,0
DA:14,0
DA:15,0
DA:16,0
DA:18,0
DA:19,0
DA:20,0
DA:21,0
DA:23,0
LF:20
LH:0
BRF:0
BRH:0
end_of_record
TN:
SF:src\components\helpers\LoadingElement.tsx
FN:1,Loading
FNF:1
FNH:0
FNDA:0,Loading
DA:1,0
DA:2,0
DA:3,0
DA:4,0
DA:5,0
DA:7,0
LF:6
LH:0
BRF:0
BRH:0
end_of_record
TN:
SF:src\components\layout\Header.tsx
FN:4,Header
FNF:1
FNH:1
FNDA:1,Header
DA:1,1
DA:2,1
DA:4,1
DA:5,1
DA:6,1
DA:7,1
DA:8,1
DA:9,1
DA:10,1
DA:11,1
DA:12,1
DA:14,1
LF:12
LH:12
BRDA:4,0,0,1
BRF:1
BRH:1
end_of_record
TN:
SF:src\components\layout\Layout.tsx
FN:4,Layout
FNF:1
FNH:1
FNDA:1,Layout
DA:1,1
DA:2,1
DA:4,1
DA:5,1
DA:6,1
DA:7,1
DA:8,1
DA:9,1
DA:10,1
DA:11,1
DA:13,1
LF:11
LH:11
BRDA:4,0,0,1
BRF:1
BRH:1
end_of_record
TN:
SF:src\components\layout\NavLinkItem.tsx
FN:8,NavLinkItem
FN:13,className
FNF:2
FNH:2
FNDA:2,NavLinkItem
FNDA:2,className
DA:1,1
DA:8,2
DA:9,2
DA:10,2
DA:11,2
DA:12,2
DA:13,2
DA:14,2
DA:16,2
DA:18,2
DA:19,2
DA:21,2
LF:12
LH:12
BRDA:8,0,0,2
BRDA:13,1,0,2
BRDA:14,2,0,1
BRDA:14,3,0,1
BRF:4
BRH:4
end_of_record
TN:
SF:src\components\search\CardList.tsx
FN:4,CardList
FNF:1
FNH:1
FNDA:1,CardList
DA:2,1
DA:4,1
DA:5,1
DA:6,1
DA:7,1
DA:8,2
DA:9,2
DA:10,2
DA:11,2
DA:12,2
DA:13,2
DA:14,2
DA:16,1
DA:17,1
DA:19,1
LF:15
LH:15
BRDA:4,0,0,1
BRDA:7,1,0,2
BRF:2
BRH:2
end_of_record
TN:
SF:src\components\search\Results.tsx
FN:11,Results
FNF:1
FNH:0
FNDA:0,Results
DA:1,1
DA:2,1
DA:3,1
DA:4,1
DA:5,1
DA:6,1
DA:7,1
DA:8,1
DA:9,1
DA:11,0
DA:12,0
DA:13,0
DA:14,0
DA:15,0
DA:16,0
DA:17,0
DA:18,0
DA:19,0
DA:20,0
DA:22,0
DA:23,0
DA:24,0
DA:25,0
DA:26,0
DA:34,0
DA:35,0
DA:36,0
DA:37,0
DA:38,0
DA:39,0
DA:45,0
DA:46,0
DA:47,0
DA:48,0
DA:49,0
DA:50,0
DA:51,0
DA:52,0
DA:53,0
DA:55,0
DA:56,0
DA:57,0
DA:58,0
DA:59,0
DA:61,0
DA:62,0
DA:63,0
DA:65,0
LF:48
LH:9
BRF:0
BRH:0
end_of_record
TN:
SF:src\components\search\SearchBlock.tsx
FN:6,TopControls
FNF:1
FNH:0
FNDA:0,TopControls
DA:1,1
DA:2,1
DA:3,1
DA:4,1
DA:6,0
DA:7,0
DA:8,0
DA:9,0
DA:10,0
DA:11,0
DA:13,0
DA:14,0
DA:16,0
DA:17,0
DA:18,0
DA:19,0
DA:20,0
DA:21,0
DA:22,0
DA:23,0
DA:25,0
DA:26,0
DA:27,0
DA:28,0
DA:29,0
DA:30,0
DA:31,0
DA:32,0
DA:33,0
DA:34,0
DA:35,0
DA:36,0
DA:37,0
DA:38,0
DA:39,0
DA:40,0
DA:41,0
DA:43,0
LF:38
LH:4
BRF:0
BRH:0
end_of_record
TN:
SF:src\context\app\AppContext.tsx
FN:7,getInitialPage
FN:35,AppProvider
FNF:2
FNH:1
FNDA:2,getInitialPage
FNDA:0,AppProvider
DA:1,1
DA:3,1
DA:4,1
DA:5,1
DA:7,1
DA:8,2
DA:9,2
DA:10,2
DA:12,1
DA:13,1
DA:14,1
DA:15,1
DA:16,1
DA:17,1
DA:18,1
DA:19,1
DA:33,1
DA:35,1
DA:36,0
DA:37,0
DA:38,0
DA:40,0
DA:41,0
DA:42,0
DA:44,0
DA:45,0
DA:46,0
DA:48,0
DA:49,0
DA:50,0
DA:51,0
DA:53,0
DA:54,0
DA:55,0
DA:56,0
DA:57,0
DA:58,0
DA:59,0
DA:60,0
DA:61,0
DA:62,0
DA:64,0
DA:65,0
DA:66,0
DA:68,0
DA:69,0
DA:70,0
DA:71,0
DA:72,0
DA:73,0
DA:74,0
DA:75,0
DA:76,0
DA:77,0
DA:78,0
DA:79,0
DA:80,0
DA:82,0
DA:83,0
DA:85,0
LF:60
LH:18
BRDA:7,0,0,2
BRDA:9,1,0,0
BRF:2
BRH:1
end_of_record
TN:
SF:src\context\app\constants.ts
FNF:0
FNH:0
DA:1,1
DA:2,1
LF:2
LH:2
BRF:0
BRH:0
end_of_record
TN:
SF:src\context\app\reducer.ts
FN:4,reducer
FNF:1
FNH:0
FNDA:0,reducer
DA:4,1
DA:5,0
DA:6,0
DA:7,0
DA:8,0
DA:9,0
DA:10,0
DA:11,0
DA:12,0
DA:13,0
DA:14,0
DA:15,0
DA:16,0
DA:17,0
DA:18,0
DA:19,0
DA:20,0
DA:21,0
DA:22,0
DA:23,0
DA:24,0
LF:21
LH:1
BRF:0
BRH:0
end_of_record
TN:
SF:src\context\app\useAppContext.ts
FN:4,useAppContext
FNF:1
FNH:0
FNDA:0,useAppContext
DA:1,1
DA:2,1
DA:4,1
DA:5,0
DA:6,0
DA:7,0
DA:8,0
DA:9,0
LF:8
LH:3
BRF:0
BRH:0
end_of_record
TN:
SF:src\context\details\DetailsContext.tsx
FN:6,showDetails
FN:7,hideDetails
FN:28,detailsReducer
FN:42,DetailsProvider
FN:45,showDetails
FN:48,hideDetails
FNF:6
FNH:1
FNDA:0,showDetails
FNDA:0,hideDetails
FNDA:0,detailsReducer
FNDA:1,DetailsProvider
FNDA:0,showDetails
FNDA:0,hideDetails
DA:1,1
DA:3,1
DA:4,1
DA:5,1
DA:6,1
DA:7,1
DA:8,1
DA:17,1
DA:28,0
DA:29,0
DA:30,0
DA:31,0
DA:32,0
DA:33,0
DA:34,0
DA:35,0
DA:36,0
DA:37,0
DA:38,0
DA:39,0
DA:40,0
DA:42,1
DA:43,1
DA:45,1
DA:46,0
DA:47,0
DA:48,1
DA:49,0
DA:50,0
DA:52,1
DA:53,1
DA:54,1
DA:55,1
DA:56,1
DA:57,1
DA:58,1
DA:59,1
DA:61,1
DA:62,1
DA:64,1
LF:40
LH:23
BRDA:42,0,0,1
BRF:1
BRH:1
end_of_record
TN:
SF:src\context\details\useDetailsContext.tsx
FN:4,useDetailsContext
FNF:1
FNH:1
FNDA:2,useDetailsContext
DA:1,1
DA:2,1
DA:4,1
DA:5,2
DA:6,2
DA:7,2
DA:8,2
DA:9,2
LF:8
LH:8
BRDA:4,0,0,2
BRDA:7,1,0,0
BRF:2
BRH:1
end_of_record
TN:
SF:src\context\theme\ThemeContext.tsx
FN:12,ThemeProvider
FN:27,toggleTheme
FNF:2
FNH:1
FNDA:1,ThemeProvider
FNDA:0,toggleTheme
DA:1,1
DA:10,1
DA:12,1
DA:13,1
DA:14,1
DA:15,0
DA:16,1
DA:17,1
DA:19,1
DA:20,1
DA:21,0
DA:22,1
DA:23,1
DA:24,1
DA:25,1
DA:27,1
DA:28,0
DA:29,0
DA:31,1
DA:32,1
DA:33,1
DA:34,1
DA:36,1
LF:23
LH:19
BRDA:12,0,0,1
BRDA:13,1,0,1
BRDA:14,2,0,0
BRDA:19,3,0,1
BRDA:20,4,0,0
BRF:5
BRH:3
end_of_record
TN:
SF:src\context\theme\useThemeContext.tsx
FN:4,useTheme
FNF:1
FNH:1
FNDA:1,useTheme
DA:1,1
DA:2,1
DA:4,1
DA:5,1
DA:6,1
DA:7,1
DA:8,1
LF:7
LH:7
BRDA:4,0,0,1
BRDA:6,1,0,0
BRF:2
BRH:1
end_of_record
TN:
SF:src\pages\About.tsx
FN:3,About
FNF:1
FNH:1
FNDA:1,About
DA:1,1
DA:3,1
DA:4,1
DA:5,1
DA:6,1
DA:7,1
DA:8,1
DA:9,1
DA:10,1
DA:11,1
DA:14,1
DA:16,1
DA:17,1
DA:18,1
DA:19,1
DA:20,1
DA:21,1
DA:22,1
DA:23,1
DA:25,1
DA:26,1
DA:27,1
DA:29,1
LF:23
LH:23
BRDA:3,0,0,1
BRF:1
BRH:1
end_of_record
TN:
SF:src\pages\NotFoundElement.tsx
FN:3,NotFoundElement
FNF:1
FNH:1
FNDA:1,NotFoundElement
DA:1,1
DA:3,1
DA:4,1
DA:5,1
DA:6,1
DA:7,1
DA:9,1
DA:10,1
DA:12,1
LF:9
LH:9
BRDA:3,0,0,1
BRF:1
BRH:1
end_of_record
TN:
SF:src\services\api.ts
FN:9,endpoints
FN:19,query
FN:20,providesTags
FN:33,query
FN:37,query
FNF:5
FNH:1
FNDA:2,endpoints
FNDA:0,query
FNDA:0,providesTags
FNDA:0,query
FNDA:0,query
DA:1,1
DA:2,1
DA:5,1
DA:6,1
DA:7,1
DA:8,1
DA:9,1
DA:10,2
DA:18,2
DA:19,2
DA:20,2
DA:21,0
DA:22,0
DA:23,0
DA:24,0
DA:25,0
DA:26,0
DA:27,0
DA:28,0
DA:29,0
DA:30,2
DA:32,2
DA:33,2
DA:34,2
DA:36,2
DA:37,2
DA:38,2
DA:39,2
DA:40,1
DA:42,1
DA:43,1
LF:31
LH:22
BRDA:9,0,0,2
BRF:1
BRH:1
end_of_record
TN:
SF:src\store\itemsSlice.tsx
FN:14,toggleSelect
FN:30,unselectAll
FNF:2
FNH:2
FNDA:6,toggleSelect
FNDA:1,unselectAll
DA:1,1
DA:5,1
DA:6,1
DA:7,1
DA:8,1
DA:10,1
DA:11,1
DA:12,1
DA:13,1
DA:14,1
DA:15,6
DA:17,6
DA:18,2
DA:19,4
DA:21,6
DA:22,1
DA:23,1
DA:24,1
DA:25,6
DA:26,5
DA:27,5
DA:28,6
DA:29,6
DA:30,1
DA:31,1
DA:32,1
DA:33,1
DA:34,1
DA:35,1
DA:37,1
DA:38,1
LF:31
LH:31
BRDA:14,0,0,6
BRDA:17,1,0,2
BRDA:18,2,0,4
BRDA:21,3,0,1
BRDA:25,4,0,5
BRDA:18,5,0,2
BRDA:23,6,0,2
BRDA:30,7,0,1
BRF:8
BRH:8
end_of_record
TN:
SF:src\store\store.ts
FN:1,(empty-report)
FNF:1
FNH:0
FNDA:0,(empty-report)
DA:1,0
DA:2,0
DA:3,0
DA:5,0
DA:6,0
DA:7,0
DA:8,0
DA:9,0
DA:11,0
DA:12,0
DA:13,0
LF:11
LH:0
BRDA:1,0,0,0
BRF:1
BRH:0
end_of_record
TN:
SF:src\types\card.ts
FN:1,(empty-report)
FNF:1
FNH:1
FNDA:1,(empty-report)
LF:0
LH:0
BRDA:1,0,0,1
BRF:1
BRH:1
end_of_record
TN:
SF:src\types\app\action.ts
FN:1,(empty-report)
FNF:1
FNH:1
FNDA:1,(empty-report)
LF:0
LH:0
BRDA:1,0,0,1
BRF:1
BRH:1
end_of_record
TN:
SF:src\types\app\appState.ts
FN:1,(empty-report)
FNF:1
FNH:1
FNDA:1,(empty-report)
LF:0
LH:0
BRDA:1,0,0,1
BRF:1
BRH:1
end_of_record
TN:
SF:src\types\app\itemsState.ts
FN:1,(empty-report)
FNF:1
FNH:1
FNDA:1,(empty-report)
LF:0
LH:0
BRDA:1,0,0,1
BRF:1
BRH:1
end_of_record
TN:
SF:src\utils\downloadCSV.ts
FN:1,downloadCSV
FNF:1
FNH:0
FNDA:0,downloadCSV
DA:1,1
DA:2,0
DA:3,0
DA:4,0
DA:5,0
DA:7,0
DA:8,0
DA:9,0
DA:10,0
DA:11,0
DA:12,0
DA:13,0
DA:14,0
DA:15,0
DA:17,0
DA:18,0
DA:20,0
DA:21,0
DA:22,0
DA:23,0
DA:25,0
DA:26,0
LF:22
LH:1
BRF:0
BRH:0
end_of_record
TN:
SF:src\utils\useLocalStorage.tsx
FN:3,useLocalStorage
FNF:1
FNH:0
FNDA:0,useLocalStorage
DA:1,1
DA:3,1
DA:4,0
DA:5,0
DA:6,0
DA:8,0
DA:9,0
DA:10,0
DA:12,0
DA:13,0
DA:14,0
DA:15,0
DA:17,0
DA:18,0
DA:19,0
DA:21,0
DA:22,0
LF:17
LH:2
BRF:0
BRH:0
end_of_record
